#
# There is insufficient memory for the Java Runtime Environment to continue.
# Native memory allocation (malloc) failed to allocate 212656 bytes for Chunk::new
# Possible reasons:
#   The system is out of physical RAM or swap space
#   The process is running with CompressedOops enabled, and the Java Heap may be blocking the growth of the native heap
# Possible solutions:
#   Reduce memory load on the system
#   Increase physical memory or swap space
#   Check if swap backing store is full
#   Decrease Java heap size (-Xmx/-Xms)
#   Decrease number of Java threads
#   Decrease Java thread stack sizes (-Xss)
#   Set larger code cache with -XX:ReservedCodeCacheSize=
#   JVM is running with Unscaled Compressed Oops mode in which the Java heap is
#     placed in the first 4GB address space. The Java Heap base address is the
#     maximum limit for the native heap growth. Please use -XX:HeapBaseMinAddress
#     to set the Java Heap base and to place the Java Heap above 4GB virtual address.
# This output file may be truncated or incomplete.
#
#  Out of Memory Error (allocation.cpp:390), pid=5872, tid=0x00000000000007e8
#
# JRE version: Java(TM) SE Runtime Environment (8.0_201-b09) (build 1.8.0_201-b09)
# Java VM: Java HotSpot(TM) 64-Bit Server VM (25.201-b09 mixed mode windows-amd64 compressed oops)
# Failed to write core dump. Minidumps are not enabled by default on client versions of Windows
#

---------------  T H R E A D  ---------------

Current thread (0x0000000015f12800):  JavaThread "C2 CompilerThread0" daemon [_thread_in_native, id=2024, stack(0x0000000016f50000,0x0000000017050000)]

Stack: [0x0000000016f50000,0x0000000017050000]
[error occurred during error reporting (printing stack bounds), id 0xc0000005]

Native frames: (J=compiled Java code, j=interpreted, Vv=VM code, C=native code)


Current CompileTask:
C2: 571817 5615       4       org.gradle.internal.service.DefaultServiceRegistry$OwnServices::getService (309 bytes)


---------------  P R O C E S S  ---------------

Java Threads: ( => current thread )
  0x00000000177a4800 JavaThread "Cache worker for Build Output Cleanup Cache (D:\MovieRating\.gradle\buildOutputCleanup)" [_thread_blocked, id=3444, stack(0x0000000019ea0000,0x0000000019fa0000)]
  0x00000000177a8800 JavaThread "Build operations Thread 2" [_thread_blocked, id=7592, stack(0x000000001dd40000,0x000000001de40000)]
  0x00000000177a3000 JavaThread "Build operations" [_thread_blocked, id=6976, stack(0x000000001a5a0000,0x000000001a6a0000)]
  0x0000000017f55000 JavaThread "Cache worker for execution history cache (C:\Users\MuhBachrulSidiq\.gradle\caches\5.6.4\executionHistory)" [_thread_blocked, id=1568, stack(0x000000001d440000,0x000000001d540000)]
  0x0000000017f54000 JavaThread "Cache worker for cache directory md-rule (C:\Users\MuhBachrulSidiq\.gradle\caches\5.6.4\md-rule)" [_thread_blocked, id=8348, stack(0x000000001d340000,0x000000001d440000)]
  0x0000000017f53800 JavaThread "Cache worker for cache directory md-supplier (C:\Users\MuhBachrulSidiq\.gradle\caches\5.6.4\md-supplier)" [_thread_blocked, id=7452, stack(0x000000001d240000,0x000000001d340000)]
  0x0000000017f50800 JavaThread "Cache worker for file hash cache (D:\MovieRating\.gradle\5.6.4\fileHashes)" [_thread_blocked, id=7596, stack(0x000000001c940000,0x000000001ca40000)]
  0x0000000017f51000 JavaThread "Cache worker for journal cache (C:\Users\MuhBachrulSidiq\.gradle\caches\journal-1)" [_thread_blocked, id=4236, stack(0x000000001a4a0000,0x000000001a5a0000)]
  0x0000000017f55800 JavaThread "File lock request listener" [_thread_in_native, id=5904, stack(0x000000001a3a0000,0x000000001a4a0000)]
  0x0000000017f56800 JavaThread "Cache worker for file hash cache (C:\Users\MuhBachrulSidiq\.gradle\caches\5.6.4\fileHashes)" [_thread_blocked, id=6256, stack(0x000000001a2a0000,0x000000001a3a0000)]
  0x0000000017df9800 JavaThread "Thread-9" [_thread_blocked, id=7176, stack(0x0000000019fa0000,0x000000001a0a0000)]
  0x0000000017521800 JavaThread "Asynchronous log dispatcher for DefaultDaemonConnection: socket connection from /127.0.0.1:53399 to /127.0.0.1:53404" [_thread_blocked, id=4832, stack(0x00000000023f0000,0x00000000024f0000)]
  0x0000000017d86000 JavaThread "Daemon worker" [_thread_in_Java, id=7488, stack(0x0000000000af0000,0x0000000000bf0000)]
  0x0000000017d7d000 JavaThread "Cancel handler" [_thread_blocked, id=8052, stack(0x0000000019da0000,0x0000000019ea0000)]
  0x0000000018049000 JavaThread "Handler for socket connection from /127.0.0.1:53399 to /127.0.0.1:53404" [_thread_in_native, id=4656, stack(0x0000000019aa0000,0x0000000019ba0000)]
  0x00000000188d1800 JavaThread "Daemon" [_thread_blocked, id=8608, stack(0x00000000199a0000,0x0000000019aa0000)]
  0x0000000017bee000 JavaThread "Daemon periodic checks" [_thread_blocked, id=5664, stack(0x00000000197a0000,0x00000000198a0000)]
  0x0000000015fa9800 JavaThread "Incoming local TCP Connector on port 53399" [_thread_in_native, id=8680, stack(0x0000000019560000,0x0000000019660000)]
  0x0000000017caf000 JavaThread "Daemon health stats" [_thread_blocked, id=5144, stack(0x0000000018f20000,0x0000000019020000)]
  0x0000000015f70000 JavaThread "Service Thread" daemon [_thread_blocked, id=6772, stack(0x0000000017150000,0x0000000017250000)]
  0x0000000015f15800 JavaThread "C1 CompilerThread1" daemon [_thread_blocked, id=2956, stack(0x0000000017050000,0x0000000017150000)]
=>0x0000000015f12800 JavaThread "C2 CompilerThread0" daemon [_thread_in_native, id=2024, stack(0x0000000016f50000,0x0000000017050000)]
  0x0000000015f10800 JavaThread "Attach Listener" daemon [_thread_blocked, id=2396, stack(0x0000000016e50000,0x0000000016f50000)]
  0x0000000015f0d000 JavaThread "Signal Dispatcher" daemon [_thread_blocked, id=5812, stack(0x0000000016d50000,0x0000000016e50000)]
  0x00000000027d7800 JavaThread "Finalizer" daemon [_thread_blocked, id=7532, stack(0x0000000016b50000,0x0000000016c50000)]
  0x0000000015ef8000 JavaThread "Reference Handler" daemon [_thread_blocked, id=1856, stack(0x0000000016a50000,0x0000000016b50000)]
  0x00000000026e2800 JavaThread "main" [_thread_blocked, id=6612, stack(0x00000000025e0000,0x00000000026e0000)]

Other Threads:
  0x0000000015ed6800 VMThread [stack: 0x0000000016950000,0x0000000016a50000] [id=2760]
  0x0000000015f72000 WatcherThread [stack: 0x0000000017250000,0x0000000017350000] [id=2328]

VM state:not at safepoint (normal execution)

VM Mutex/Monitor currently owned by a thread: None

heap address: 0x00000000a0000000, size: 1536 MB, Compressed Oops mode: 32-bit
Narrow klass base: 0x0000000000000000, Narrow klass shift: 3
Compressed class space size: 1073741824 Address: 0x0000000100000000

Heap:
 PSYoungGen      total 163840K, used 117813K [0x00000000e0000000, 0x00000000eef80000, 0x0000000100000000)
  eden space 152576K, 69% used [0x00000000e0000000,0x00000000e680e3a0,0x00000000e9500000)
  from space 11264K, 99% used [0x00000000e9500000,0x00000000e9fff398,0x00000000ea000000)
  to   space 14848K, 0% used [0x00000000ee100000,0x00000000ee100000,0x00000000eef80000)
 ParOldGen       total 36864K, used 22336K [0x00000000a0000000, 0x00000000a2400000, 0x00000000e0000000)
  object space 36864K, 60% used [0x00000000a0000000,0x00000000a15d00d8,0x00000000a2400000)
 Metaspace       used 54244K, capacity 56134K, committed 56192K, reserved 1097728K
  class space    used 7574K, capacity 8022K, committed 8064K, reserved 1048576K

Card table byte_map: [0x0000000011ba0000,0x0000000011eb0000] byte_map_base: 0x00000000116a0000

Marking Bits: (ParMarkBitMap*) 0x000000006b7f4ce0
 Begin Bits: [0x00000000122b0000, 0x0000000013ab0000)
 End Bits:   [0x0000000013ab0000, 0x00000000152b0000)

Polling page: 0x0000000000d90000

CodeCache: size=245760Kb used=16352Kb max_used=16628Kb free=229407Kb
 bounds [0x00000000027e0000, 0x0000000003830000, 0x00000000117e0000]
 total_blobs=5650 nmethods=4878 adapters=683
 compilation: enabled

Compilation events (10 events):
Event: 571.324 Thread 0x0000000015f15800 nmethod 5611 0x000000000382df90 code [0x000000000382e0e0, 0x000000000382e1f0]
Event: 571.325 Thread 0x0000000015f15800 5612   !   3       org.gradle.internal.Cast::cast (45 bytes)
Event: 571.724 Thread 0x0000000015f15800 

Event: 571.760 Thread 0x0000000015f15800 5613       3       org.gradle.internal.reflect.annotations.impl.DefaultTypeAnnotationMetadataStore::processMethodAnnotations (344 bytes)
Event: 571.769 Thread 0x0000000015f12800 5615       4       org.gradle.internal.service.DefaultServiceRegistry$OwnServices::getService (309 bytes)
Event: 571.779 Thread 0x0000000015f15800 nmethod 5613 0x000000000364e6d0 code [0x000000000364eee0, 0x0000000003654c58]
Event: 571.780 Thread 0x0000000015f15800 5614       3       org.gradle.internal.reflect.annotations.impl.DefaultTypeAnnotationMetadataStore::collectRelevantAnnotations (100 bytes)
Event: 571.782 Thread 0x0000000015f15800 nmethod 5614 0x0000000002e11050 code [0x0000000002e11260, 0x0000000002e11e48]
Event: 571.782 Thread 0x0000000015f15800 5616       3       org.gradle.api.internal.tasks.DefaultTaskDependency::<init> (15 bytes)
Event: 571.783 Thread 0x0000000015f15800 nmethod 5616 0x00000000035fbdd0 code [0x00000000035fbf40, 0x00000000035fc170]

GC Heap History (10 events):
Event: 134.456 GC heap before
{Heap before GC invocations=11 (full 1):
 PSYoungGen      total 111104K, used 2872K [0x00000000e0000000, 0x00000000e7500000, 0x0000000100000000)
  eden space 102400K, 0% used [0x00000000e0000000,0x00000000e0000000,0x00000000e6400000)
  from space 8704K, 33% used [0x00000000e6c80000,0x00000000e6f4e230,0x00000000e7500000)
  to   space 8704K, 0% used [0x00000000e6400000,0x00000000e6400000,0x00000000e6c80000)
 ParOldGen       total 20480K, used 12506K [0x00000000a0000000, 0x00000000a1400000, 0x00000000e0000000)
  object space 20480K, 61% used [0x00000000a0000000,0x00000000a0c36890,0x00000000a1400000)
 Metaspace       used 20557K, capacity 21104K, committed 21248K, reserved 1067008K
  class space    used 3044K, capacity 3231K, committed 3328K, reserved 1048576K
Event: 135.853 GC heap after
Heap after GC invocations=11 (full 1):
 PSYoungGen      total 111104K, used 0K [0x00000000e0000000, 0x00000000e7500000, 0x0000000100000000)
  eden space 102400K, 0% used [0x00000000e0000000,0x00000000e0000000,0x00000000e6400000)
  from space 8704K, 0% used [0x00000000e6c80000,0x00000000e6c80000,0x00000000e7500000)
  to   space 8704K, 0% used [0x00000000e6400000,0x00000000e6400000,0x00000000e6c80000)
 ParOldGen       total 23040K, used 8550K [0x00000000a0000000, 0x00000000a1680000, 0x00000000e0000000)
  object space 23040K, 37% used [0x00000000a0000000,0x00000000a0859810,0x00000000a1680000)
 Metaspace       used 20557K, capacity 21104K, committed 21248K, reserved 1067008K
  class space    used 3044K, capacity 3231K, committed 3328K, reserved 1048576K
}
Event: 181.112 GC heap before
{Heap before GC invocations=12 (full 1):
 PSYoungGen      total 111104K, used 102400K [0x00000000e0000000, 0x00000000e7500000, 0x0000000100000000)
  eden space 102400K, 100% used [0x00000000e0000000,0x00000000e6400000,0x00000000e6400000)
  from space 8704K, 0% used [0x00000000e6c80000,0x00000000e6c80000,0x00000000e7500000)
  to   space 8704K, 0% used [0x00000000e6400000,0x00000000e6400000,0x00000000e6c80000)
 ParOldGen       total 23040K, used 8550K [0x00000000a0000000, 0x00000000a1680000, 0x00000000e0000000)
  object space 23040K, 37% used [0x00000000a0000000,0x00000000a0859810,0x00000000a1680000)
 Metaspace       used 30513K, capacity 31096K, committed 31232K, reserved 1075200K
  class space    used 4300K, capacity 4485K, committed 4608K, reserved 1048576K
Event: 187.201 GC heap after
Heap after GC invocations=12 (full 1):
 PSYoungGen      total 111104K, used 8697K [0x00000000e0000000, 0x00000000eaa80000, 0x0000000100000000)
  eden space 102400K, 0% used [0x00000000e0000000,0x00000000e0000000,0x00000000e6400000)
  from space 8704K, 99% used [0x00000000e6400000,0x00000000e6c7e5b8,0x00000000e6c80000)
  to   space 10752K, 0% used [0x00000000ea000000,0x00000000ea000000,0x00000000eaa80000)
 ParOldGen       total 23040K, used 10709K [0x00000000a0000000, 0x00000000a1680000, 0x00000000e0000000)
  object space 23040K, 46% used [0x00000000a0000000,0x00000000a0a756a0,0x00000000a1680000)
 Metaspace       used 30513K, capacity 31096K, committed 31232K, reserved 1075200K
  class space    used 4300K, capacity 4485K, committed 4608K, reserved 1048576K
}
Event: 282.386 GC heap before
{Heap before GC invocations=13 (full 1):
 PSYoungGen      total 111104K, used 91933K [0x00000000e0000000, 0x00000000eaa80000, 0x0000000100000000)
  eden space 102400K, 81% used [0x00000000e0000000,0x00000000e51490b0,0x00000000e6400000)
  from space 8704K, 99% used [0x00000000e6400000,0x00000000e6c7e5b8,0x00000000e6c80000)
  to   space 10752K, 0% used [0x00000000ea000000,0x00000000ea000000,0x00000000eaa80000)
 ParOldGen       total 23040K, used 10709K [0x00000000a0000000, 0x00000000a1680000, 0x00000000e0000000)
  object space 23040K, 46% used [0x00000000a0000000,0x00000000a0a756a0,0x00000000a1680000)
 Metaspace       used 34650K, capacity 35362K, committed 35416K, reserved 1079296K
  class space    used 4855K, capacity 5086K, committed 5120K, reserved 1048576K
Event: 287.615 GC heap after
Heap after GC invocations=13 (full 1):
 PSYoungGen      total 163328K, used 7411K [0x00000000e0000000, 0x00000000eab80000, 0x0000000100000000)
  eden space 152576K, 0% used [0x00000000e0000000,0x00000000e0000000,0x00000000e9500000)
  from space 10752K, 68% used [0x00000000ea000000,0x00000000ea73ce38,0x00000000eaa80000)
  to   space 11264K, 0% used [0x00000000e9500000,0x00000000e9500000,0x00000000ea000000)
 ParOldGen       total 23040K, used 15027K [0x00000000a0000000, 0x00000000a1680000, 0x00000000e0000000)
  object space 23040K, 65% used [0x00000000a0000000,0x00000000a0eace30,0x00000000a1680000)
 Metaspace       used 34650K, capacity 35362K, committed 35416K, reserved 1079296K
  class space    used 4855K, capacity 5086K, committed 5120K, reserved 1048576K
}
Event: 287.617 GC heap before
{Heap before GC invocations=14 (full 2):
 PSYoungGen      total 163328K, used 7411K [0x00000000e0000000, 0x00000000eab80000, 0x0000000100000000)
  eden space 152576K, 0% used [0x00000000e0000000,0x00000000e0000000,0x00000000e9500000)
  from space 10752K, 68% used [0x00000000ea000000,0x00000000ea73ce38,0x00000000eaa80000)
  to   space 11264K, 0% used [0x00000000e9500000,0x00000000e9500000,0x00000000ea000000)
 ParOldGen       total 23040K, used 15027K [0x00000000a0000000, 0x00000000a1680000, 0x00000000e0000000)
  object space 23040K, 65% used [0x00000000a0000000,0x00000000a0eace30,0x00000000a1680000)
 Metaspace       used 34650K, capacity 35362K, committed 35416K, reserved 1079296K
  class space    used 4855K, capacity 5086K, committed 5120K, reserved 1048576K
Event: 291.793 GC heap after
Heap after GC invocations=14 (full 2):
 PSYoungGen      total 163328K, used 0K [0x00000000e0000000, 0x00000000eab80000, 0x0000000100000000)
  eden space 152576K, 0% used [0x00000000e0000000,0x00000000e0000000,0x00000000e9500000)
  from space 10752K, 0% used [0x00000000ea000000,0x00000000ea000000,0x00000000eaa80000)
  to   space 11264K, 0% used [0x00000000e9500000,0x00000000e9500000,0x00000000ea000000)
 ParOldGen       total 36864K, used 18103K [0x00000000a0000000, 0x00000000a2400000, 0x00000000e0000000)
  object space 36864K, 49% used [0x00000000a0000000,0x00000000a11adde8,0x00000000a2400000)
 Metaspace       used 34650K, capacity 35362K, committed 35416K, reserved 1079296K
  class space    used 4855K, capacity 5086K, committed 5120K, reserved 1048576K
}
Event: 504.309 GC heap before
{Heap before GC invocations=15 (full 2):
 PSYoungGen      total 163328K, used 152576K [0x00000000e0000000, 0x00000000eab80000, 0x0000000100000000)
  eden space 152576K, 100% used [0x00000000e0000000,0x00000000e9500000,0x00000000e9500000)
  from space 10752K, 0% used [0x00000000ea000000,0x00000000ea000000,0x00000000eaa80000)
  to   space 11264K, 0% used [0x00000000e9500000,0x00000000e9500000,0x00000000ea000000)
 ParOldGen       total 36864K, used 18103K [0x00000000a0000000, 0x00000000a2400000, 0x00000000e0000000)
  object space 36864K, 49% used [0x00000000a0000000,0x00000000a11adde8,0x00000000a2400000)
 Metaspace       used 46009K, capacity 47196K, committed 47360K, reserved 1089536K
  class space    used 6322K, capacity 6625K, committed 6656K, reserved 1048576K
Event: 507.673 GC heap after
Heap after GC invocations=15 (full 2):
 PSYoungGen      total 163840K, used 11260K [0x00000000e0000000, 0x00000000eef80000, 0x0000000100000000)
  eden space 152576K, 0% used [0x00000000e0000000,0x00000000e0000000,0x00000000e9500000)
  from space 11264K, 99% used [0x00000000e9500000,0x00000000e9fff398,0x00000000ea000000)
  to   space 14848K, 0% used [0x00000000ee100000,0x00000000ee100000,0x00000000eef80000)
 ParOldGen       total 36864K, used 22336K [0x00000000a0000000, 0x00000000a2400000, 0x00000000e0000000)
  object space 36864K, 60% used [0x00000000a0000000,0x00000000a15d00d8,0x00000000a2400000)
 Metaspace       used 46009K, capacity 47196K, committed 47360K, reserved 1089536K
  class space    used 6322K, capacity 6625K, committed 6656K, reserved 1048576K
}

Deoptimization events (10 events):
Event: 558.506 Thread 0x0000000017d86000 Uncommon trap: reason=unstable_if action=reinterpret pc=0x0000000003547254 method=java.util.TreeMap.put(Ljava/lang/Object;Ljava/lang/Object;)Ljava/lang/Object; @ 163
Event: 558.609 Thread 0x0000000017d86000 Uncommon trap: reason=unstable_if action=reinterpret pc=0x000000000342edf0 method=java.lang.AbstractStringBuilder.append(I)Ljava/lang/AbstractStringBuilder; @ 16
Event: 558.609 Thread 0x0000000017d86000 Uncommon trap: reason=unstable_if action=reinterpret pc=0x0000000002c97f50 method=java.lang.Integer.getChars(II[C)V @ 7
Event: 558.714 Thread 0x0000000017df9800 Uncommon trap: reason=unstable_if action=reinterpret pc=0x0000000003155094 method=java.util.concurrent.LinkedBlockingQueue.poll(JLjava/util/concurrent/TimeUnit;)Ljava/lang/Object; @ 35
Event: 560.078 Thread 0x0000000017d86000 Uncommon trap: reason=unstable_if action=reinterpret pc=0x00000000032ac278 method=com.esotericsoftware.kryo.io.Input.require(I)I @ 65
Event: 562.243 Thread 0x0000000017d86000 Uncommon trap: reason=unstable_if action=reinterpret pc=0x0000000002fa4cf4 method=java.lang.String.lastIndexOf([CII[CIII)I @ 118
Event: 562.597 Thread 0x0000000017d86000 Uncommon trap: reason=unstable_if action=reinterpret pc=0x00000000037be6bc method=org.objectweb.asm.AnnotationWriter.putAnnotations(Lorg/objectweb/asm/SymbolTable;Lorg/objectweb/asm/AnnotationWriter;Lorg/objectweb/asm/AnnotationWriter;Lorg/objectweb/asm/A
Event: 567.303 Thread 0x0000000017d86000 Uncommon trap: reason=unstable_if action=reinterpret pc=0x0000000002abf6f4 method=java.util.HashMap.resize()[Ljava/util/HashMap$Node; @ 206
Event: 567.305 Thread 0x0000000017d86000 Uncommon trap: reason=unstable_if action=reinterpret pc=0x00000000034bb7cc method=java.util.HashMap.putVal(ILjava/lang/Object;Ljava/lang/Object;ZZ)Ljava/lang/Object; @ 109
Event: 567.307 Thread 0x0000000017d86000 Uncommon trap: reason=unstable_if action=reinterpret pc=0x00000000031d03fc method=java.util.HashMap.putVal(ILjava/lang/Object;Ljava/lang/Object;ZZ)Ljava/lang/Object; @ 109

Classes redefined (0 events):
No events

Internal exceptions (10 events):
Event: 555.377 Thread 0x0000000017d86000 Exception <a 'java/lang/ClassNotFoundException': org/jetbrains/plugins/gradle/model/web/WebConfigurationBeanInfo> (0x00000000e474f270) thrown at [C:\re\workspace\8-2-build-windows-amd64-cygwin\jdk8u201\12322\hotspot\src\share\vm\classfile\systemDictionary
Event: 555.546 Thread 0x0000000017d86000 Exception <a 'java/lang/ClassNotFoundException': org/jetbrains/plugins/gradle/model/web/WebConfigurationCustomizer> (0x00000000e47625b8) thrown at [C:\re\workspace\8-2-build-windows-amd64-cygwin\jdk8u201\12322\hotspot\src\share\vm\classfile\systemDictiona
Event: 555.617 Thread 0x0000000017d86000 Exception <a 'java/lang/SecurityException'> (0x00000000e4776a88) thrown at [C:\re\workspace\8-2-build-windows-amd64-cygwin\jdk8u201\12322\hotspot\src\share\vm\prims\jvm.cpp, line 1506]
Event: 555.820 Thread 0x0000000017d86000 Exception <a 'java/lang/ClassNotFoundException': java/lang/ClassBeanInfo> (0x00000000e4790ed0) thrown at [C:\re\workspace\8-2-build-windows-amd64-cygwin\jdk8u201\12322\hotspot\src\share\vm\classfile\systemDictionary.cpp, line 210]
Event: 555.845 Thread 0x0000000017d86000 Exception <a 'java/lang/ClassNotFoundException': java/lang/ClassCustomizer> (0x00000000e4799390) thrown at [C:\re\workspace\8-2-build-windows-amd64-cygwin\jdk8u201\12322\hotspot\src\share\vm\classfile\systemDictionary.cpp, line 210]
Event: 557.079 Thread 0x0000000017d86000 Exception <a 'java/lang/ClassNotFoundException': java/lang/StringBeanInfo> (0x00000000e48d5550) thrown at [C:\re\workspace\8-2-build-windows-amd64-cygwin\jdk8u201\12322\hotspot\src\share\vm\classfile\systemDictionary.cpp, line 210]
Event: 557.194 Thread 0x0000000017d86000 Exception <a 'java/lang/ClassNotFoundException': java/lang/StringCustomizer> (0x00000000e48ddde0) thrown at [C:\re\workspace\8-2-build-windows-amd64-cygwin\jdk8u201\12322\hotspot\src\share\vm\classfile\systemDictionary.cpp, line 210]
Event: 557.907 Thread 0x0000000017d86000 Exception <a 'java/lang/ClassNotFoundException': org/jetbrains/plugins/gradle/model/scala/ScalaModelBeanInfo> (0x00000000e493cd50) thrown at [C:\re\workspace\8-2-build-windows-amd64-cygwin\jdk8u201\12322\hotspot\src\share\vm\classfile\systemDictionary.cpp
Event: 557.924 Thread 0x0000000017d86000 Exception <a 'java/lang/ClassNotFoundException': org/jetbrains/plugins/gradle/model/scala/ScalaModelCustomizer> (0x00000000e494f8e8) thrown at [C:\re\workspace\8-2-build-windows-amd64-cygwin\jdk8u201\12322\hotspot\src\share\vm\classfile\systemDictionary.c
Event: 558.796 Thread 0x0000000017df9800 Exception <a 'java/lang/NoSuchMethodError': <clinit>> (0x00000000e4e26878) thrown at [C:\re\workspace\8-2-build-windows-amd64-cygwin\jdk8u201\12322\hotspot\src\share\vm\prims\jni.cpp, line 1613]

Events (10 events):
Event: 571.685 Thread 0x0000000015f15800 flushing nmethod 0x000000000360d950
Event: 571.696 Thread 0x0000000015f15800 flushing nmethod 0x0000000003620010
Event: 571.700 Thread 0x0000000015f15800 flushing nmethod 0x000000000364ce10
Event: 571.701 Thread 0x0000000015f15800 flushing nmethod 0x000000000364e590
Event: 571.705 Thread 0x0000000015f15800 flushing nmethod 0x000000000366c850
Event: 571.706 Thread 0x0000000015f15800 flushing nmethod 0x000000000366ff10
Event: 571.754 loading class org/gradle/api/tasks/diagnostics/BuildEnvironmentReportTask$1
Event: 571.754 loading class org/gradle/api/tasks/diagnostics/BuildEnvironmentReportTask$1 done
Event: 571.757 loading class org/gradle/api/internal/tasks/DefaultTaskOutputs$2
Event: 571.757 loading class org/gradle/api/internal/tasks/DefaultTaskOutputs$2 done


Dynamic libraries:
0x00007ff74c6a0000 - 0x00007ff74c6d7000 	C:\Program Files\Java\jdk1.8.0_201\bin\java.exe
0x00007ffb2c740000 - 0x00007ffb2c930000 	C:\WINDOWS\SYSTEM32\ntdll.dll
0x00007ffb2b540000 - 0x00007ffb2b5f2000 	C:\WINDOWS\System32\KERNEL32.DLL
0x00007ffb29980000 - 0x00007ffb29c24000 	C:\WINDOWS\System32\KERNELBASE.dll
0x00007ffb2c650000 - 0x00007ffb2c6f3000 	C:\WINDOWS\System32\ADVAPI32.dll
0x00007ffb2c580000 - 0x00007ffb2c61e000 	C:\WINDOWS\System32\msvcrt.dll
0x00007ffb2c430000 - 0x00007ffb2c4c7000 	C:\WINDOWS\System32\sechost.dll
0x00007ffb2a9a0000 - 0x00007ffb2aac0000 	C:\WINDOWS\System32\RPCRT4.dll
0x00007ffb2b890000 - 0x00007ffb2ba24000 	C:\WINDOWS\System32\USER32.dll
0x00007ffb29ea0000 - 0x00007ffb29ec1000 	C:\WINDOWS\System32\win32u.dll
0x00007ffb2c620000 - 0x00007ffb2c646000 	C:\WINDOWS\System32\GDI32.dll
0x00007ffb29c30000 - 0x00007ffb29dc4000 	C:\WINDOWS\System32\gdi32full.dll
0x00007ffb2a080000 - 0x00007ffb2a11e000 	C:\WINDOWS\System32\msvcp_win.dll
0x00007ffb29830000 - 0x00007ffb2992a000 	C:\WINDOWS\System32\ucrtbase.dll
0x00007ffb17520000 - 0x00007ffb177a4000 	C:\WINDOWS\WinSxS\amd64_microsoft.windows.common-controls_6595b64144ccf1df_6.0.18362.836_none_e6c4b943130f18ed\COMCTL32.dll
0x00007ffb2b190000 - 0x00007ffb2b4c6000 	C:\WINDOWS\System32\combase.dll
0x00007ffb297b0000 - 0x00007ffb29830000 	C:\WINDOWS\System32\bcryptPrimitives.dll
0x00007ffb2c540000 - 0x00007ffb2c56e000 	C:\WINDOWS\System32\IMM32.DLL
0x000000006c9c0000 - 0x000000006ca91000 	C:\Program Files\Java\jdk1.8.0_201\jre\bin\msvcr100.dll
0x000000006afd0000 - 0x000000006b874000 	C:\Program Files\Java\jdk1.8.0_201\jre\bin\server\jvm.dll
0x00007ffb2aff0000 - 0x00007ffb2aff8000 	C:\WINDOWS\System32\PSAPI.DLL
0x00007ffb274f0000 - 0x00007ffb27514000 	C:\WINDOWS\SYSTEM32\WINMM.dll
0x00007ffb274c0000 - 0x00007ffb274ed000 	C:\WINDOWS\SYSTEM32\WINMMBASE.dll
0x00007ffb29930000 - 0x00007ffb2997a000 	C:\WINDOWS\System32\cfgmgr32.dll
0x00007ffb15660000 - 0x00007ffb15669000 	C:\WINDOWS\SYSTEM32\WSOCK32.dll
0x00007ffb232a0000 - 0x00007ffb232aa000 	C:\WINDOWS\SYSTEM32\VERSION.dll
0x00007ffb2b4d0000 - 0x00007ffb2b53f000 	C:\WINDOWS\System32\ws2_32.DLL
0x00007ffb23c90000 - 0x00007ffb23c9f000 	C:\Program Files\Java\jdk1.8.0_201\jre\bin\verify.dll
0x00007ffb11ea0000 - 0x00007ffb11ec9000 	C:\Program Files\Java\jdk1.8.0_201\jre\bin\java.dll
0x00007ffb21b90000 - 0x00007ffb21ba6000 	C:\Program Files\Java\jdk1.8.0_201\jre\bin\zip.dll
0x00007ffb2bb90000 - 0x00007ffb2c274000 	C:\WINDOWS\System32\SHELL32.dll
0x00007ffb2b0e0000 - 0x00007ffb2b189000 	C:\WINDOWS\System32\shcore.dll
0x00007ffb2a120000 - 0x00007ffb2a89e000 	C:\WINDOWS\System32\windows.storage.dll
0x00007ffb29710000 - 0x00007ffb29733000 	C:\WINDOWS\System32\profapi.dll
0x00007ffb29740000 - 0x00007ffb2978a000 	C:\WINDOWS\System32\powrprof.dll
0x00007ffb296e0000 - 0x00007ffb296f0000 	C:\WINDOWS\System32\UMPDC.dll
0x00007ffb2b060000 - 0x00007ffb2b0b2000 	C:\WINDOWS\System32\shlwapi.dll
0x00007ffb29790000 - 0x00007ffb297a1000 	C:\WINDOWS\System32\kernel.appcore.dll
0x00007ffb29e80000 - 0x00007ffb29e97000 	C:\WINDOWS\System32\cryptsp.dll
0x00007ffb20530000 - 0x00007ffb2054a000 	C:\Program Files\Java\jdk1.8.0_201\jre\bin\net.dll
0x00007ffb1da80000 - 0x00007ffb1dc56000 	C:\WINDOWS\SYSTEM32\urlmon.dll
0x00007ffb1dda0000 - 0x00007ffb1e046000 	C:\WINDOWS\SYSTEM32\iertutil.dll
0x00007ffb290c0000 - 0x00007ffb290cc000 	C:\WINDOWS\SYSTEM32\CRYPTBASE.DLL
0x00007ffb28ef0000 - 0x00007ffb28f57000 	C:\WINDOWS\system32\mswsock.dll
0x00007ffb1f6c0000 - 0x00007ffb1f6d1000 	C:\Program Files\Java\jdk1.8.0_201\jre\bin\nio.dll
0x00007ffb10250000 - 0x00007ffb10276000 	C:\Users\MuhBachrulSidiq\.gradle\native\30\windows-amd64\native-platform.dll
0x00007ffb22f20000 - 0x00007ffb22f2d000 	C:\Program Files\Java\jdk1.8.0_201\jre\bin\management.dll
0x00007ffb28a60000 - 0x00007ffb28a93000 	C:\WINDOWS\system32\rsaenh.dll
0x00007ffb2a8a0000 - 0x00007ffb2a8c6000 	C:\WINDOWS\System32\bcrypt.dll
0x00007ffb29600000 - 0x00007ffb29625000 	C:\WINDOWS\SYSTEM32\USERENV.dll
0x00007ffb28c00000 - 0x00007ffb28c3a000 	C:\WINDOWS\SYSTEM32\IPHLPAPI.DLL
0x00007ffb2c570000 - 0x00007ffb2c578000 	C:\WINDOWS\System32\NSI.dll
0x00007ffb22390000 - 0x00007ffb223a6000 	C:\WINDOWS\SYSTEM32\dhcpcsvc6.DLL
0x00007ffb22840000 - 0x00007ffb2285c000 	C:\WINDOWS\SYSTEM32\dhcpcsvc.DLL
0x00007ffb28c40000 - 0x00007ffb28d0b000 	C:\WINDOWS\SYSTEM32\DNSAPI.dll

VM Arguments:
jvm_args: -Xmx1536m -Dfile.encoding=windows-1252 -Duser.country=US -Duser.language=en -Duser.variant 
java_command: org.gradle.launcher.daemon.bootstrap.GradleDaemon 5.6.4
java_class_path (initial): C:\Users\MuhBachrulSidiq\.gradle\wrapper\dists\gradle-5.6.4-all\ankdp27end7byghfw1q2sw75f\gradle-5.6.4\lib\gradle-launcher-5.6.4.jar
Launcher Type: SUN_STANDARD

Environment Variables:
JAVA_HOME=C:\Program Files\Java\jdk1.8.0_201
PATH=C:\oraclexe\app\oracle\product\11.2.0\server\bin;C:\Program Files (x86)\Common Files\Intel\Shared Files\cpp\bin\Intel64;C:\Program Files (x86)\Common Files\Intel\Shared Libraries\redist\intel64\compiler;C:\Program Files (x86)\Common Files\Oracle\Java\javapath;C:\Program Files (x86)\Falcon\MinGW\bin;C:\WINDOWS\system32;C:\WINDOWS;C:\WINDOWS\System32\Wbem;C:\WINDOWS\System32\WindowsPowerShell\v1.0\;C:\WINDOWS\System32\OpenSSH\;C:\xampp\php;C:\ProgramData\ComposerSetup\bin;C:\Program Files (x86)\nodejs\;C:\Program Files\Git\cmd;C:\oraclexe\app\oracle\product\11.2.0\server\bin;C:\Program Files (x86)\Common Files\Intel\Shared Files\cpp\bin\Intel64;C:\Program Files (x86)\Common Files\Intel\Shared Libraries\redist\intel64\compiler;C:\Program Files (x86)\Common Files\Oracle\Java\javapath;C:\Program Files (x86)\Falcon\MinGW\bin;C:\WINDOWS\system32;C:\WINDOWS;C:\WINDOWS\System32\Wbem;C:\WINDOWS\System32\WindowsPowerShell\v1.0\;C:\WINDOWS\System32\OpenSSH\;C:\xampp\php;C:\ProgramData\ComposerSetup\bin;C:\Program Files (x86)\nodejs\;C:\Program Files\Git\cmd;JAVA_HOME%\bin;C:\Users\MuhBachrulSidiq\AppData\Roaming\npm;C:\Users\MuhBachrulSidiq\AppData\Local\Programs\Microsoft VS Code\bin
USERNAME=MuhBachrulSidiq
OS=Windows_NT
PROCESSOR_IDENTIFIER=Intel64 Family 6 Model 92 Stepping 9, GenuineIntel



---------------  S Y S T E M  ---------------

OS: Windows 10.0 , 64 bit Build 18362 (10.0.18362.778)

CPU:total 2 (initial active 2) (2 cores per cpu, 1 threads per core) family 6 model 92 stepping 9, cmov, cx8, fxsr, mmx, sse, sse2, sse3, ssse3, sse4.1, sse4.2, popcnt, aes, clmul, erms, 3dnowpref, tsc, tscinvbit

Memory: 4k page, physical 1957596k(84768k free), swap 7986908k(0k free)

vm_info: Java HotSpot(TM) 64-Bit Server VM (25.201-b09) for windows-amd64 JRE (1.8.0_201-b09), built on Dec 15 2018 18:36:39 by "java_re" with MS VC++ 10.0 (VS2010)

time: Sun Jun 07 13:36:10 2020
timezone: SE Asia Standard Time
elapsed time: 571 seconds (0d 0h 9m 31s)

